Start testing: Mar 15 07:55 PDT
----------------------------------------------------------
1/9 Testing: Runs
1/9 Test: Runs
Command: "/home/notyet/LG/CPP/CmakeTutorial/CmakeTutorial/Step4_Build_Test/Tutorial" "25"
Directory: /home/notyet/LG/CPP/CmakeTutorial/CmakeTutorial/Step4_Build_Test
"Runs" start time: Mar 15 07:55 PDT
Output:
----------------------------------------------------------
Computing sqrt of 25 to be 13
Computing sqrt of 25 to be 7.46154
Computing sqrt of 25 to be 5.40603
Computing sqrt of 25 to be 5.01525
Computing sqrt of 25 to be 5.00002
Computing sqrt of 25 to be 5
Computing sqrt of 25 to be 5
Computing sqrt of 25 to be 5
Computing sqrt of 25 to be 5
Computing sqrt of 25 to be 5
mysqrt
The square root of 25 is 5
<end of output>
Test time =   0.00 sec
----------------------------------------------------------
Test Passed.
"Runs" end time: Mar 15 07:55 PDT
"Runs" time elapsed: 00:00:00
----------------------------------------------------------

2/9 Testing: Usage
2/9 Test: Usage
Command: "/home/notyet/LG/CPP/CmakeTutorial/CmakeTutorial/Step4_Build_Test/Tutorial"
Directory: /home/notyet/LG/CPP/CmakeTutorial/CmakeTutorial/Step4_Build_Test
"Usage" start time: Mar 15 07:55 PDT
Output:
----------------------------------------------------------
Usage: /home/notyet/LG/CPP/CmakeTutorial/CmakeTutorial/Step4_Build_Test/Tutorial number
/home/notyet/LG/CPP/CmakeTutorial/CmakeTutorial/Step4_Build_Test/Tutorial Version 1.0
<end of output>
Test time =   0.00 sec
----------------------------------------------------------
Test Pass Reason:
Required regular expression found. Regex=[Usage:.*number]
"Usage" end time: Mar 15 07:55 PDT
"Usage" time elapsed: 00:00:00
----------------------------------------------------------

3/9 Testing: Comp4
3/9 Test: Comp4
Command: "/home/notyet/LG/CPP/CmakeTutorial/CmakeTutorial/Step4_Build_Test/Tutorial" "4"
Directory: /home/notyet/LG/CPP/CmakeTutorial/CmakeTutorial/Step4_Build_Test
"Comp4" start time: Mar 15 07:55 PDT
Output:
----------------------------------------------------------
Computing sqrt of 4 to be 2.5
Computing sqrt of 4 to be 2.05
Computing sqrt of 4 to be 2.00061
Computing sqrt of 4 to be 2
Computing sqrt of 4 to be 2
Computing sqrt of 4 to be 2
Computing sqrt of 4 to be 2
Computing sqrt of 4 to be 2
Computing sqrt of 4 to be 2
Computing sqrt of 4 to be 2
mysqrt
The square root of 4 is 2
<end of output>
Test time =   0.00 sec
----------------------------------------------------------
Test Pass Reason:
Required regular expression found. Regex=[4 is 2]
"Comp4" end time: Mar 15 07:55 PDT
"Comp4" time elapsed: 00:00:00
----------------------------------------------------------

4/9 Testing: Comp9
4/9 Test: Comp9
Command: "/home/notyet/LG/CPP/CmakeTutorial/CmakeTutorial/Step4_Build_Test/Tutorial" "9"
Directory: /home/notyet/LG/CPP/CmakeTutorial/CmakeTutorial/Step4_Build_Test
"Comp9" start time: Mar 15 07:55 PDT
Output:
----------------------------------------------------------
Computing sqrt of 9 to be 5
Computing sqrt of 9 to be 3.4
Computing sqrt of 9 to be 3.02353
Computing sqrt of 9 to be 3.00009
Computing sqrt of 9 to be 3
Computing sqrt of 9 to be 3
Computing sqrt of 9 to be 3
Computing sqrt of 9 to be 3
Computing sqrt of 9 to be 3
Computing sqrt of 9 to be 3
mysqrt
The square root of 9 is 3
<end of output>
Test time =   0.00 sec
----------------------------------------------------------
Test Pass Reason:
Required regular expression found. Regex=[9 is 3]
"Comp9" end time: Mar 15 07:55 PDT
"Comp9" time elapsed: 00:00:00
----------------------------------------------------------

5/9 Testing: Comp5
5/9 Test: Comp5
Command: "/home/notyet/LG/CPP/CmakeTutorial/CmakeTutorial/Step4_Build_Test/Tutorial" "5"
Directory: /home/notyet/LG/CPP/CmakeTutorial/CmakeTutorial/Step4_Build_Test
"Comp5" start time: Mar 15 07:55 PDT
Output:
----------------------------------------------------------
Computing sqrt of 5 to be 3
Computing sqrt of 5 to be 2.33333
Computing sqrt of 5 to be 2.2381
Computing sqrt of 5 to be 2.23607
Computing sqrt of 5 to be 2.23607
Computing sqrt of 5 to be 2.23607
Computing sqrt of 5 to be 2.23607
Computing sqrt of 5 to be 2.23607
Computing sqrt of 5 to be 2.23607
Computing sqrt of 5 to be 2.23607
mysqrt
The square root of 5 is 2.23607
<end of output>
Test time =   0.00 sec
----------------------------------------------------------
Test Pass Reason:
Required regular expression found. Regex=[5 is 2.236]
"Comp5" end time: Mar 15 07:55 PDT
"Comp5" time elapsed: 00:00:00
----------------------------------------------------------

6/9 Testing: Comp7
6/9 Test: Comp7
Command: "/home/notyet/LG/CPP/CmakeTutorial/CmakeTutorial/Step4_Build_Test/Tutorial" "7"
Directory: /home/notyet/LG/CPP/CmakeTutorial/CmakeTutorial/Step4_Build_Test
"Comp7" start time: Mar 15 07:55 PDT
Output:
----------------------------------------------------------
Computing sqrt of 7 to be 4
Computing sqrt of 7 to be 2.875
Computing sqrt of 7 to be 2.65489
Computing sqrt of 7 to be 2.64577
Computing sqrt of 7 to be 2.64575
Computing sqrt of 7 to be 2.64575
Computing sqrt of 7 to be 2.64575
Computing sqrt of 7 to be 2.64575
Computing sqrt of 7 to be 2.64575
Computing sqrt of 7 to be 2.64575
mysqrt
The square root of 7 is 2.64575
<end of output>
Test time =   0.00 sec
----------------------------------------------------------
Test Pass Reason:
Required regular expression found. Regex=[7 is 2.645]
"Comp7" end time: Mar 15 07:55 PDT
"Comp7" time elapsed: 00:00:00
----------------------------------------------------------

7/9 Testing: Comp25
7/9 Test: Comp25
Command: "/home/notyet/LG/CPP/CmakeTutorial/CmakeTutorial/Step4_Build_Test/Tutorial" "25"
Directory: /home/notyet/LG/CPP/CmakeTutorial/CmakeTutorial/Step4_Build_Test
"Comp25" start time: Mar 15 07:55 PDT
Output:
----------------------------------------------------------
Computing sqrt of 25 to be 13
Computing sqrt of 25 to be 7.46154
Computing sqrt of 25 to be 5.40603
Computing sqrt of 25 to be 5.01525
Computing sqrt of 25 to be 5.00002
Computing sqrt of 25 to be 5
Computing sqrt of 25 to be 5
Computing sqrt of 25 to be 5
Computing sqrt of 25 to be 5
Computing sqrt of 25 to be 5
mysqrt
The square root of 25 is 5
<end of output>
Test time =   0.00 sec
----------------------------------------------------------
Test Pass Reason:
Required regular expression found. Regex=[25 is 5]
"Comp25" end time: Mar 15 07:55 PDT
"Comp25" time elapsed: 00:00:00
----------------------------------------------------------

8/9 Testing: Comp-25
8/9 Test: Comp-25
Command: "/home/notyet/LG/CPP/CmakeTutorial/CmakeTutorial/Step4_Build_Test/Tutorial" "-25"
Directory: /home/notyet/LG/CPP/CmakeTutorial/CmakeTutorial/Step4_Build_Test
"Comp-25" start time: Mar 15 07:55 PDT
Output:
----------------------------------------------------------
mysqrt
The square root of -25 is 0
<end of output>
Test time =   0.00 sec
----------------------------------------------------------
Test Pass Reason:
Required regular expression found. Regex=[-25 is [-nan|nan|0]]
"Comp-25" end time: Mar 15 07:55 PDT
"Comp-25" time elapsed: 00:00:00
----------------------------------------------------------

9/9 Testing: Comp0.0001
9/9 Test: Comp0.0001
Command: "/home/notyet/LG/CPP/CmakeTutorial/CmakeTutorial/Step4_Build_Test/Tutorial" "0.0001"
Directory: /home/notyet/LG/CPP/CmakeTutorial/CmakeTutorial/Step4_Build_Test
"Comp0.0001" start time: Mar 15 07:55 PDT
Output:
----------------------------------------------------------
Computing sqrt of 0.0001 to be 0.50005
Computing sqrt of 0.0001 to be 0.250125
Computing sqrt of 0.0001 to be 0.125262
Computing sqrt of 0.0001 to be 0.0630304
Computing sqrt of 0.0001 to be 0.0323084
Computing sqrt of 0.0001 to be 0.0177018
Computing sqrt of 0.0001 to be 0.0116755
Computing sqrt of 0.0001 to be 0.0101202
Computing sqrt of 0.0001 to be 0.0100007
Computing sqrt of 0.0001 to be 0.01
mysqrt
The square root of 0.0001 is 0.01
<end of output>
Test time =   0.00 sec
----------------------------------------------------------
Test Pass Reason:
Required regular expression found. Regex=[0.0001 is 0.01]
"Comp0.0001" end time: Mar 15 07:55 PDT
"Comp0.0001" time elapsed: 00:00:00
----------------------------------------------------------

End testing: Mar 15 07:55 PDT
